<?xml version="1.0" encoding="UTF-8"?>
<beans xmlns="http://www.springframework.org/schema/beans"
       xmlns:xsi="http://www.w3.org/2001/XMLSchema-instance"
       xmlns:neo4j="http://www.springframework.org/schema/data/neo4j"
       xmlns:tx="http://www.springframework.org/schema/tx"
       xmlns:util="http://www.springframework.org/schema/util"
       xsi:schemaLocation="http://www.springframework.org/schema/beans http://www.springframework.org/schema/beans/spring-beans.xsd
		http://www.springframework.org/schema/data/neo4j http://www.springframework.org/schema/data/neo4j/spring-neo4j.xsd http://www.springframework.org/schema/tx http://www.springframework.org/schema/tx/spring-tx-3.1.xsd
		http://www.springframework.org/schema/util http://www.springframework.org/schema/util/spring-util-2.0.xsd">

	<neo4j:config graphDatabaseService="graphDatabaseService" />
	<neo4j:repositories base-package="org.sagar.neo4j" />
    <tx:annotation-driven mode="proxy" transaction-manager="transactionManager"/>

	<util:map id="config">
		<entry key="enable_remote_shell" value="true"/>
	</util:map>
 
	<bean id="graphDbFactory" class="org.neo4j.graphdb.factory.GraphDatabaseFactory"/>
	<bean id="graphDbBuilder" factory-bean="graphDbFactory" factory-method="newEmbeddedDatabaseBuilder">
		<constructor-arg value="target/test-db"/>
	</bean>
	<bean id="graphDbBuilderFinal" factory-bean="graphDbBuilder" factory-method="setConfig">
		<constructor-arg ref="config"/>
	</bean>
	<bean id="graphDatabaseService" factory-bean="graphDbBuilderFinal" factory-method="newGraphDatabase" destroy-method="shutdown" />

</beans>
